<?xml version="1.0" encoding="UTF-8"?>
<testng-results skipped="0" failed="0" ignored="0" total="1" passed="1">
  <reporter-output>
  </reporter-output>
  <suite name="Default suite" duration-ms="11086" started-at="2019-03-08T05:59:22Z" finished-at="2019-03-08T05:59:33Z">
    <groups>
    </groups>
    <test name="Default test" duration-ms="11086" started-at="2019-03-08T05:59:22Z" finished-at="2019-03-08T05:59:33Z">
      <class name="com.maveric.test.MaveriConnectTest">
        <test-method status="PASS" signature="negativeCredentialCheckwithPOM()[pri:0, instance:com.maveric.test.MaveriConnectTest@1efbd816]" name="negativeCredentialCheckwithPOM" duration-ms="11055" started-at="2019-03-08T05:59:22Z" finished-at="2019-03-08T05:59:33Z">
          <reporter-output>
          </reporter-output>
        </test-method> <!-- negativeCredentialCheckwithPOM -->
      </class> <!-- com.maveric.test.MaveriConnectTest -->
    </test> <!-- Default test -->
  </suite> <!-- Default suite -->
</testng-results>
