<?xml version="1.0" encoding="UTF-8"?>
<testng-results skipped="0" failed="0" ignored="0" total="1" passed="1">
  <reporter-output>
  </reporter-output>
  <suite name="Default suite" duration-ms="14512" started-at="2019-03-09T07:21:42Z" finished-at="2019-03-09T07:21:57Z">
    <groups>
    </groups>
    <test name="Default test" duration-ms="14512" started-at="2019-03-09T07:21:42Z" finished-at="2019-03-09T07:21:57Z">
      <class name="com.maveric.test.MaveriConnectTest">
        <test-method status="PASS" signature="positiveCredentialCheckwithPOM()[pri:0, instance:com.maveric.test.MaveriConnectTest@1efbd816]" name="positiveCredentialCheckwithPOM" duration-ms="14481" started-at="2019-03-09T07:21:42Z" finished-at="2019-03-09T07:21:57Z">
          <reporter-output>
          </reporter-output>
        </test-method> <!-- positiveCredentialCheckwithPOM -->
      </class> <!-- com.maveric.test.MaveriConnectTest -->
    </test> <!-- Default test -->
  </suite> <!-- Default suite -->
</testng-results>
