<?xml version="1.0" encoding="UTF-8"?>
<!-- Generated by org.testng.reporters.JUnitXMLReporter -->
<testsuite hostname="MDTR02" ignored="3" name="Test" tests="4" failures="0" timestamp="11 Mar 2019 06:04:28 GMT" time="88.361" errors="0">
  <testcase name="negativeCredentialCheckwithPOM" time="10.287" classname="com.maveric.test.MaveriConnectTest"/>
  <testcase name="negativeCredentialCheckwithPOM" time="9.783" classname="com.maveric.test.MaveriConnectTest"/>
  <testcase name="negativeCredentialCheckwithPOM" time="17.543" classname="com.maveric.test.MaveriConnectTest"/>
  <testcase name="negativeCredentialCheckwithPOM" time="15.786" classname="com.maveric.test.MaveriConnectTest"/>
  <testcase name="positiveCredentialCheck" time="0.0" classname="com.maveric.test.MaveriConnectTest">
    <ignored/>
  </testcase> <!-- positiveCredentialCheck -->
  <testcase name="inValidCredCheck" time="0.0" classname="com.maveric.test.MaveriConnectTest">
    <ignored/>
  </testcase> <!-- inValidCredCheck -->
  <testcase name="positiveCredentialCheckwithPOM" time="0.0" classname="com.maveric.test.MaveriConnectTest">
    <ignored/>
  </testcase> <!-- positiveCredentialCheckwithPOM -->
</testsuite> <!-- Test -->
